<?xml version="1.0" encoding="UTF-8"?>
<testsuite name="SimpleTest" tests="1" skipped="0" failures="0" errors="0" timestamp="2019-03-30T22:29:26" hostname="KT" time="0.002">
  <properties/>
  <testcase name="test1" classname="SimpleTest" time="0.002"/>
  <system-out><![CDATA[Test 1 works
]]></system-out>
  <system-err><![CDATA[]]></system-err>
</testsuite>
